<?xml version="1.0" encoding="UTF-8"?>
<coverage generated="1625746382602" clover="3.2.0">
  <project timestamp="1625746382602" name="All files">
    <metrics statements="17" coveredstatements="10" conditionals="0" coveredconditionals="0" methods="10" coveredmethods="3" elements="27" coveredelements="13" complexity="0" loc="17" ncloc="17" packages="1" files="2" classes="2"/>
    <file name="testData.js" path="D:\Projects\validatuga-project\validatuga\testData.js">
      <metrics statements="3" coveredstatements="3" conditionals="0" coveredconditionals="0" methods="0" coveredmethods="0"/>
      <line num="1" count="1" type="stmt"/>
      <line num="10" count="1" type="stmt"/>
      <line num="18" count="1" type="stmt"/>
    </file>
    <file name="validatuga.js" path="D:\Projects\validatuga-project\validatuga\validatuga.js">
      <metrics statements="14" coveredstatements="7" conditionals="0" coveredconditionals="0" methods="10" coveredmethods="3"/>
      <line num="1" count="1" type="stmt"/>
      <line num="11" count="11" type="stmt"/>
      <line num="12" count="11" type="stmt"/>
      <line num="21" count="3" type="stmt"/>
      <line num="22" count="3" type="stmt"/>
      <line num="39" count="2" type="stmt"/>
      <line num="42" count="0" type="stmt"/>
      <line num="45" count="0" type="stmt"/>
      <line num="48" count="0" type="stmt"/>
      <line num="51" count="0" type="stmt"/>
      <line num="54" count="0" type="stmt"/>
      <line num="57" count="0" type="stmt"/>
      <line num="60" count="0" type="stmt"/>
      <line num="68" count="1" type="stmt"/>
    </file>
  </project>
</coverage>
