{"D:\\Projects\\validatuga-project\\validatuga\\testData.js": {"path":"D:\\Projects\\validatuga-project\\validatuga\\testData.js","statementMap":{"0":{"start":{"line":1,"column":22},"end":{"line":8,"column":1}},"1":{"start":{"line":10,"column":24},"end":{"line":16,"column":1}},"2":{"start":{"line":18,"column":0},"end":{"line":21,"column":1}}},"fnMap":{},"branchMap":{},"s":{"0":1,"1":1,"2":1},"f":{},"b":{},"_coverageSchema":"1a1c01bbd47fc00a2c39e90264f33305004495a9","hash":"20054b0ac8c73ee4866474fc002f84a666fe3e90"}
,"D:\\Projects\\validatuga-project\\validatuga\\validatuga.js": {"path":"D:\\Projects\\validatuga-project\\validatuga\\validatuga.js","statementMap":{"0":{"start":{"line":1,"column":19},"end":{"line":66,"column":1}},"1":{"start":{"line":11,"column":23},"end":{"line":11,"column":67}},"2":{"start":{"line":12,"column":8},"end":{"line":12,"column":41}},"3":{"start":{"line":21,"column":23},"end":{"line":21,"column":36}},"4":{"start":{"line":22,"column":8},"end":{"line":22,"column":40}},"5":{"start":{"line":39,"column":8},"end":{"line":39,"column":19}},"6":{"start":{"line":42,"column":8},"end":{"line":42,"column":19}},"7":{"start":{"line":45,"column":8},"end":{"line":45,"column":19}},"8":{"start":{"line":48,"column":8},"end":{"line":48,"column":19}},"9":{"start":{"line":51,"column":8},"end":{"line":51,"column":19}},"10":{"start":{"line":54,"column":8},"end":{"line":54,"column":19}},"11":{"start":{"line":57,"column":8},"end":{"line":57,"column":19}},"12":{"start":{"line":60,"column":8},"end":{"line":60,"column":19}},"13":{"start":{"line":68,"column":0},"end":{"line":68,"column":28}}},"fnMap":{"0":{"name":"(anonymous_0)","decl":{"start":{"line":10,"column":14},"end":{"line":10,"column":15}},"loc":{"start":{"line":10,"column":31},"end":{"line":13,"column":5}},"line":10},"1":{"name":"(anonymous_1)","decl":{"start":{"line":20,"column":14},"end":{"line":20,"column":15}},"loc":{"start":{"line":20,"column":31},"end":{"line":23,"column":5}},"line":20},"2":{"name":"(anonymous_2)","decl":{"start":{"line":38,"column":18},"end":{"line":38,"column":19}},"loc":{"start":{"line":38,"column":33},"end":{"line":40,"column":5}},"line":38},"3":{"name":"(anonymous_3)","decl":{"start":{"line":41,"column":15},"end":{"line":41,"column":16}},"loc":{"start":{"line":41,"column":27},"end":{"line":43,"column":5}},"line":41},"4":{"name":"(anonymous_4)","decl":{"start":{"line":44,"column":24},"end":{"line":44,"column":25}},"loc":{"start":{"line":44,"column":36},"end":{"line":46,"column":5}},"line":44},"5":{"name":"(anonymous_5)","decl":{"start":{"line":47,"column":18},"end":{"line":47,"column":19}},"loc":{"start":{"line":47,"column":30},"end":{"line":49,"column":5}},"line":47},"6":{"name":"(anonymous_6)","decl":{"start":{"line":50,"column":19},"end":{"line":50,"column":20}},"loc":{"start":{"line":50,"column":31},"end":{"line":52,"column":5}},"line":50},"7":{"name":"(anonymous_7)","decl":{"start":{"line":53,"column":11},"end":{"line":53,"column":12}},"loc":{"start":{"line":53,"column":23},"end":{"line":55,"column":5}},"line":53},"8":{"name":"(anonymous_8)","decl":{"start":{"line":56,"column":9},"end":{"line":56,"column":10}},"loc":{"start":{"line":56,"column":21},"end":{"line":58,"column":5}},"line":56},"9":{"name":"(anonymous_9)","decl":{"start":{"line":59,"column":9},"end":{"line":59,"column":10}},"loc":{"start":{"line":59,"column":21},"end":{"line":61,"column":5}},"line":59}},"branchMap":{},"s":{"0":1,"1":11,"2":11,"3":3,"4":3,"5":2,"6":0,"7":0,"8":0,"9":0,"10":0,"11":0,"12":0,"13":1},"f":{"0":11,"1":3,"2":2,"3":0,"4":0,"5":0,"6":0,"7":0,"8":0,"9":0},"b":{},"_coverageSchema":"1a1c01bbd47fc00a2c39e90264f33305004495a9","hash":"120528787d98eff4f2ea5c61607f48342720e210"}
}
