{"D:\\Projects\\validatuga-project\\validatuga\\testData.js": {"path":"D:\\Projects\\validatuga-project\\validatuga\\testData.js","statementMap":{"0":{"start":{"line":1,"column":22},"end":{"line":8,"column":1}},"1":{"start":{"line":10,"column":24},"end":{"line":16,"column":1}},"2":{"start":{"line":18,"column":0},"end":{"line":21,"column":1}}},"fnMap":{},"branchMap":{},"s":{"0":1,"1":1,"2":1},"f":{},"b":{},"_coverageSchema":"1a1c01bbd47fc00a2c39e90264f33305004495a9","hash":"20054b0ac8c73ee4866474fc002f84a666fe3e90"}
,"D:\\Projects\\validatuga-project\\validatuga\\validatuga.js": {"path":"D:\\Projects\\validatuga-project\\validatuga\\validatuga.js","statementMap":{"0":{"start":{"line":1,"column":19},"end":{"line":19,"column":1}},"1":{"start":{"line":6,"column":23},"end":{"line":6,"column":67}},"2":{"start":{"line":7,"column":8},"end":{"line":7,"column":41}},"3":{"start":{"line":11,"column":23},"end":{"line":11,"column":36}},"4":{"start":{"line":12,"column":8},"end":{"line":12,"column":40}},"5":{"start":{"line":21,"column":0},"end":{"line":21,"column":28}}},"fnMap":{"0":{"name":"(anonymous_0)","decl":{"start":{"line":5,"column":14},"end":{"line":5,"column":15}},"loc":{"start":{"line":5,"column":31},"end":{"line":8,"column":5}},"line":5},"1":{"name":"(anonymous_1)","decl":{"start":{"line":10,"column":14},"end":{"line":10,"column":15}},"loc":{"start":{"line":10,"column":31},"end":{"line":13,"column":5}},"line":10}},"branchMap":{},"s":{"0":1,"1":11,"2":11,"3":3,"4":3,"5":1},"f":{"0":11,"1":3},"b":{},"_coverageSchema":"1a1c01bbd47fc00a2c39e90264f33305004495a9","hash":"d48ce52ba9fdefcdf9980ad7749d4356af707af0"}
}
