TN:
SF:testData.js
FNF:0
FNH:0
DA:1,1
DA:10,1
DA:18,1
LF:3
LH:3
BRF:0
BRH:0
end_of_record
TN:
SF:validatuga.js
FN:10,(anonymous_0)
FN:20,(anonymous_1)
FN:38,(anonymous_2)
FN:41,(anonymous_3)
FN:44,(anonymous_4)
FN:47,(anonymous_5)
FN:50,(anonymous_6)
FN:53,(anonymous_7)
FN:56,(anonymous_8)
FN:59,(anonymous_9)
FNF:10
FNH:3
FNDA:11,(anonymous_0)
FNDA:3,(anonymous_1)
FNDA:2,(anonymous_2)
FNDA:0,(anonymous_3)
FNDA:0,(anonymous_4)
FNDA:0,(anonymous_5)
FNDA:0,(anonymous_6)
FNDA:0,(anonymous_7)
FNDA:0,(anonymous_8)
FNDA:0,(anonymous_9)
DA:1,1
DA:11,11
DA:12,11
DA:21,3
DA:22,3
DA:39,2
DA:42,0
DA:45,0
DA:48,0
DA:51,0
DA:54,0
DA:57,0
DA:60,0
DA:68,1
LF:14
LH:7
BRF:0
BRH:0
end_of_record
